d:\cuda\poissondisklibrary\poissondisklibrary\x64\release\vc141.pdb
d:\cuda\poissondisklibrary\poissondisklibrary\x64\release\kernel_cpu.obj
d:\cuda\poissondisklibrary\poissondisklibrary\x64\release\custkdtree.obj
d:\cuda\poissondisklibrary\poissondisklibrary\x64\release\cuda_poisson_lib.obj
d:\cuda\poissondisklibrary\poissondisklibrary\x64\release\poissondisk.obj
d:\cuda\poissondisklibrary\poissondisklibrary\x64\release\poissondisklibrary.pdb
d:\cuda\poissondisklibrary\poissondisklibrary\x64\release\codearchive.obj
d:\cuda\poissondisklibrary\x64\release\poissondisklibrary.lib
d:\cuda\poissondisklibrary\x64\release\poissondisklibrary.exe
d:\cuda\poissondisklibrary\x64\release\poissondisklibrary.pdb
d:\cuda\poissondisklibrary\x64\release\poissondisklibrary.exp
d:\cuda\poissondisklibrary\poissondisklibrary\x64\release\framework.cu.cache
d:\cuda\poissondisklibrary\poissondisklibrary\x64\release\kernel.cu.cache
d:\cuda\poissondisklibrary\poissondisklibrary\x64\release\framework.cu.obj
d:\cuda\poissondisklibrary\poissondisklibrary\x64\release\kernel.cu.obj
d:\cuda\poissondisklibrary\poissondisklibrary\x64\release\poissond.903cfa6b.tlog\cl.command.1.tlog
d:\cuda\poissondisklibrary\poissondisklibrary\x64\release\poissond.903cfa6b.tlog\cl.read.1.tlog
d:\cuda\poissondisklibrary\poissondisklibrary\x64\release\poissond.903cfa6b.tlog\cl.write.1.tlog
d:\cuda\poissondisklibrary\poissondisklibrary\x64\release\poissond.903cfa6b.tlog\cudacompile.read.1u.tlog
d:\cuda\poissondisklibrary\poissondisklibrary\x64\release\poissond.903cfa6b.tlog\cudacompile.write.1u.tlog
d:\cuda\poissondisklibrary\poissondisklibrary\x64\release\poissond.903cfa6b.tlog\lib-link.read.1.tlog
d:\cuda\poissondisklibrary\poissondisklibrary\x64\release\poissond.903cfa6b.tlog\lib-link.write.1.tlog
d:\cuda\poissondisklibrary\poissondisklibrary\x64\release\poissond.903cfa6b.tlog\lib.command.1.tlog
d:\cuda\poissondisklibrary\poissondisklibrary\x64\release\poissond.903cfa6b.tlog\link.command.1.tlog
d:\cuda\poissondisklibrary\poissondisklibrary\x64\release\poissond.903cfa6b.tlog\link.delete.1.tlog
d:\cuda\poissondisklibrary\poissondisklibrary\x64\release\poissond.903cfa6b.tlog\link.read.1.tlog
d:\cuda\poissondisklibrary\poissondisklibrary\x64\release\poissond.903cfa6b.tlog\link.write.1.tlog
d:\cuda\poissondisklibrary\poissondisklibrary\x64\release\poissond.903cfa6b.tlog\poissondisklibrary.write.1u.tlog
